<?xml version="1.0" encoding="UTF-8"?>
<testsuite name="com.project.drivewise.DriveWiseApplicationTests" tests="1" skipped="0" failures="0" errors="0" timestamp="2026-02-15T13:13:50.432Z" hostname="DESKTOP-6MAPT9F" time="1.018">
  <properties/>
  <testcase name="contextLoads()" classname="com.project.drivewise.DriveWiseApplicationTests" time="1.018"/>
  <system-out><![CDATA[15:13:48.007 [Test worker] INFO org.springframework.test.context.support.AnnotationConfigContextLoaderUtils -- Could not detect default configuration classes for test class [com.project.drivewise.DriveWiseApplicationTests]: DriveWiseApplicationTests does not declare any static, non-private, non-final, nested classes annotated with @Configuration.
15:13:48.163 [Test worker] INFO org.springframework.boot.test.context.SpringBootTestContextBootstrapper -- Found @SpringBootConfiguration com.project.drivewise.DriveWiseApplication for test class com.project.drivewise.DriveWiseApplicationTests

  .   ____          _            __ _ _
 /\\ / ___'_ __ _ _(_)_ __  __ _ \ \ \ \
( ( )\___ | '_ | '_| | '_ \/ _` | \ \ \ \
 \\/  ___)| |_)| | | | | || (_| |  ) ) ) )
  '  |____| .__|_| |_|_| |_\__, | / / / /
 =========|_|==============|___/=/_/_/_/

 :: Spring Boot ::                (v4.0.1)

2026-02-15T15:13:48.819+02:00  INFO 28492 --- [drive-wise] [    Test worker] c.p.drivewise.DriveWiseApplicationTests  : Starting DriveWiseApplicationTests using Java 17.0.16 with PID 28492 (started by T490s in C:\Users\T490s\Documents\DriveWise\drive-wise)
2026-02-15T15:13:48.822+02:00  INFO 28492 --- [drive-wise] [    Test worker] c.p.drivewise.DriveWiseApplicationTests  : No active profile set, falling back to 1 default profile: "default"
2026-02-15T15:13:50.409+02:00  INFO 28492 --- [drive-wise] [    Test worker] c.p.drivewise.DriveWiseApplicationTests  : Started DriveWiseApplicationTests in 1.982 seconds (process running for 4.13)
]]></system-out>
  <system-err><![CDATA[]]></system-err>
</testsuite>
